<?xml version="1.0" encoding="UTF-8"?>
<!-- Generated by org.testng.reporters.JUnitReportReporter -->
<testsuite hostname="Vals-MacBook-Pro.local" failures="2" tests="24" name="com.usps.tests.PostageCalculatorTest" time="27.185" errors="0" timestamp="01 Apr 2021 15:12:30 GMT" skipped="0">
  <testcase classname="com.usps.tests.PostageCalculatorTest" name="packagePropertiesPage" time="0.917"/>
  <testcase classname="com.usps.tests.PostageCalculatorTest" name="destinationPackagePage" time="2.021"/>
  <testcase classname="com.usps.tests.PostageCalculatorTest" name="packagePropertiesPage" time="1.034"/>
  <testcase classname="com.usps.tests.PostageCalculatorTest" name="destinationPackagePage" time="3.317"/>
  <testcase classname="com.usps.tests.PostageCalculatorTest" name="packageWeightPage" time="0.658"/>
  <testcase classname="com.usps.tests.PostageCalculatorTest" name="packagePropertiesPage" time="0.803"/>
  <testcase classname="com.usps.tests.PostageCalculatorTest" name="destinationPackagePage" time="2.074"/>
  <testcase classname="com.usps.tests.PostageCalculatorTest" name="mailServicesOptionsPrices" time="0.595">
    <failure message="expected [true] but found [false]" type="java.lang.AssertionError">
      <![CDATA[java.lang.AssertionError: expected [true] but found [false]
at org.testng.Assert.fail(Assert.java:96)
at org.testng.Assert.failNotEquals(Assert.java:776)
at org.testng.Assert.assertTrue(Assert.java:44)
at org.testng.Assert.assertTrue(Assert.java:54)
at com.usps.tests.PostageCalculatorTest.mailServicesOptionsPrices(PostageCalculatorTest.java:58)
at java.base/jdk.internal.reflect.NativeMethodAccessorImpl.invoke0(Native Method)
at java.base/jdk.internal.reflect.NativeMethodAccessorImpl.invoke(NativeMethodAccessorImpl.java:62)
at java.base/jdk.internal.reflect.DelegatingMethodAccessorImpl.invoke(DelegatingMethodAccessorImpl.java:43)
at java.base/java.lang.reflect.Method.invoke(Method.java:564)
at org.testng.internal.MethodInvocationHelper.invokeMethod(MethodInvocationHelper.java:124)
at org.testng.internal.Invoker.invokeMethod(Invoker.java:583)
at org.testng.internal.Invoker.invokeTestMethod(Invoker.java:719)
at org.testng.internal.Invoker.invokeTestMethods(Invoker.java:989)
at org.testng.internal.TestMethodWorker.invokeTestMethods(TestMethodWorker.java:125)
at org.testng.internal.TestMethodWorker.run(TestMethodWorker.java:109)
at org.testng.TestRunner.privateRun(TestRunner.java:648)
at org.testng.TestRunner.run(TestRunner.java:505)
at org.testng.SuiteRunner.runTest(SuiteRunner.java:455)
at org.testng.SuiteRunner.runSequentially(SuiteRunner.java:450)
at org.testng.SuiteRunner.privateRun(SuiteRunner.java:415)
at org.testng.SuiteRunner.run(SuiteRunner.java:364)
at org.testng.SuiteRunnerWorker.runSuite(SuiteRunnerWorker.java:52)
at org.testng.SuiteRunnerWorker.run(SuiteRunnerWorker.java:84)
at org.testng.TestNG.runSuitesSequentially(TestNG.java:1208)
at org.testng.TestNG.runSuitesLocally(TestNG.java:1137)
at org.testng.TestNG.runSuites(TestNG.java:1049)
at org.testng.TestNG.run(TestNG.java:1017)
at com.intellij.rt.testng.IDEARemoteTestNG.run(IDEARemoteTestNG.java:66)
at com.intellij.rt.testng.RemoteTestNGStarter.main(RemoteTestNGStarter.java:109)
]]>
    </failure>
  </testcase> <!-- mailServicesOptionsPrices -->
  <testcase classname="com.usps.tests.PostageCalculatorTest" name="mailServicesOptionsPrices" time="1.069">
    <failure message="expected [true] but found [false]" type="java.lang.AssertionError">
      <![CDATA[java.lang.AssertionError: expected [true] but found [false]
at org.testng.Assert.fail(Assert.java:96)
at org.testng.Assert.failNotEquals(Assert.java:776)
at org.testng.Assert.assertTrue(Assert.java:44)
at org.testng.Assert.assertTrue(Assert.java:54)
at com.usps.tests.PostageCalculatorTest.mailServicesOptionsPrices(PostageCalculatorTest.java:58)
at java.base/jdk.internal.reflect.NativeMethodAccessorImpl.invoke0(Native Method)
at java.base/jdk.internal.reflect.NativeMethodAccessorImpl.invoke(NativeMethodAccessorImpl.java:62)
at java.base/jdk.internal.reflect.DelegatingMethodAccessorImpl.invoke(DelegatingMethodAccessorImpl.java:43)
at java.base/java.lang.reflect.Method.invoke(Method.java:564)
at org.testng.internal.MethodInvocationHelper.invokeMethod(MethodInvocationHelper.java:124)
at org.testng.internal.Invoker.invokeMethod(Invoker.java:583)
at org.testng.internal.Invoker.invokeTestMethod(Invoker.java:719)
at org.testng.internal.Invoker.invokeTestMethods(Invoker.java:989)
at org.testng.internal.TestMethodWorker.invokeTestMethods(TestMethodWorker.java:125)
at org.testng.internal.TestMethodWorker.run(TestMethodWorker.java:109)
at org.testng.TestRunner.privateRun(TestRunner.java:648)
at org.testng.TestRunner.run(TestRunner.java:505)
at org.testng.SuiteRunner.runTest(SuiteRunner.java:455)
at org.testng.SuiteRunner.runSequentially(SuiteRunner.java:450)
at org.testng.SuiteRunner.privateRun(SuiteRunner.java:415)
at org.testng.SuiteRunner.run(SuiteRunner.java:364)
at org.testng.SuiteRunnerWorker.runSuite(SuiteRunnerWorker.java:52)
at org.testng.SuiteRunnerWorker.run(SuiteRunnerWorker.java:84)
at org.testng.TestNG.runSuitesSequentially(TestNG.java:1208)
at org.testng.TestNG.runSuitesLocally(TestNG.java:1137)
at org.testng.TestNG.runSuites(TestNG.java:1049)
at org.testng.TestNG.run(TestNG.java:1017)
at com.intellij.rt.testng.IDEARemoteTestNG.run(IDEARemoteTestNG.java:66)
at com.intellij.rt.testng.RemoteTestNGStarter.main(RemoteTestNGStarter.java:109)
]]>
    </failure>
  </testcase> <!-- mailServicesOptionsPrices -->
  <testcase classname="com.usps.tests.PostageCalculatorTest" name="packagePropertiesPage" time="0.964"/>
  <testcase classname="com.usps.tests.PostageCalculatorTest" name="destinationPackagePage" time="1.174"/>
  <testcase classname="com.usps.tests.PostageCalculatorTest" name="destinationPackagePage" time="1.842"/>
  <testcase classname="com.usps.tests.PostageCalculatorTest" name="packageWeightPage" time="0.624"/>
  <testcase classname="com.usps.tests.PostageCalculatorTest" name="packageWeightPage" time="1.071"/>
  <testcase classname="com.usps.tests.PostageCalculatorTest" name="packagePropertiesPage" time="0.747"/>
  <testcase classname="com.usps.tests.PostageCalculatorTest" name="mailServicesOptionsPrices" time="0.638"/>
  <testcase classname="com.usps.tests.PostageCalculatorTest" name="packagePropertiesPage" time="0.873"/>
  <testcase classname="com.usps.tests.PostageCalculatorTest" name="mailServicesOptionsPrices" time="1.069"/>
  <testcase classname="com.usps.tests.PostageCalculatorTest" name="packageWeightPage" time="0.663"/>
  <testcase classname="com.usps.tests.PostageCalculatorTest" name="mailServicesOptionsPrices" time="0.638"/>
  <testcase classname="com.usps.tests.PostageCalculatorTest" name="packageWeightPage" time="0.639"/>
  <testcase classname="com.usps.tests.PostageCalculatorTest" name="destinationPackagePage" time="1.815"/>
  <testcase classname="com.usps.tests.PostageCalculatorTest" name="packageWeightPage" time="0.861"/>
  <testcase classname="com.usps.tests.PostageCalculatorTest" name="mailServicesOptionsPrices" time="1.079"/>
</testsuite> <!-- com.usps.tests.PostageCalculatorTest -->
